# JRE version: Java(TM) SE Runtime Environment (23.0.1+11) (build 23.0.1+11-39)
# Java VM: Java HotSpot(TM) 64-Bit Server VM (23.0.1+11-39, mixed mode, sharing, tiered, compressed oops, compressed class ptrs, g1 gc, windows-amd64)
GC Precious Log:
 CardTable entry size: 512
 Card Set container configuration: InlinePtr #cards 4 size 8 Array Of Cards #cards 32 size 80 Howl #buckets 8 coarsen threshold 7372 Howl Bitmap #cards 1024 size 144 coarsen threshold 921 Card regions per heap region 1 cards per card region 8192
 CPUs: 4 total, 4 available
 Memory: 16264M
 Large Page Support: Disabled
 NUMA Support: Disabled
 Compressed Oops: Enabled (Zero based)
 Heap Region Size: 4M
 Heap Min Capacity: 8M
 Heap Initial Capacity: 256M
 Heap Max Capacity: 8G
 Pre-touch: Disabled
 Parallel Workers: 4
 Concurrent Workers: 1
 Concurrent Refinement Workers: 4
 Periodic GC: Disabled
Heap:
 garbage-first heap   total reserved 8388608K, committed 159744K, used 89872K [0x0000000600000000, 0x0000000800000000)
  region size 4096K, 6 young (24576K), 2 survivors (8192K)
 Metaspace       used 74840K, committed 77056K, reserved 1114112K
  class space    used 11062K, committed 12096K, reserved 1048576K
GC Heap History (20 events):
Event: 11.807 GC heap before
{Heap before GC invocations=15 (full 0):
 garbage-first heap   total reserved 8388608K, committed 98304K, used 78097K [0x0000000600000000, 0x0000000800000000)
  region size 4096K, 10 young (40960K), 2 survivors (8192K)
 Metaspace       used 49871K, committed 51712K, reserved 1114112K
  class space    used 7310K, committed 8192K, reserved 1048576K
}
Event: 11.819 GC heap after
{Heap after GC invocations=16 (full 0):
 garbage-first heap   total reserved 8388608K, committed 98304K, used 46952K [0x0000000600000000, 0x0000000800000000)
  region size 4096K, 2 young (8192K), 2 survivors (8192K)
 Metaspace       used 49871K, committed 51712K, reserved 1114112K
  class space    used 7310K, committed 8192K, reserved 1048576K
}
Event: 12.602 GC heap before
{Heap before GC invocations=16 (full 0):
 garbage-first heap   total reserved 8388608K, committed 98304K, used 75624K [0x0000000600000000, 0x0000000800000000)
  region size 4096K, 9 young (36864K), 2 survivors (8192K)
 Metaspace       used 52520K, committed 54336K, reserved 1114112K
  class space    used 7711K, committed 8576K, reserved 1048576K
}
Event: 12.613 GC heap after
{Heap after GC invocations=17 (full 0):
 garbage-first heap   total reserved 8388608K, committed 118784K, used 48801K [0x0000000600000000, 0x0000000800000000)
  region size 4096K, 2 young (8192K), 2 survivors (8192K)
 Metaspace       used 52520K, committed 54336K, reserved 1114112K
  class space    used 7711K, committed 8576K, reserved 1048576K
}
Event: 14.017 GC heap before
{Heap before GC invocations=18 (full 0):
 garbage-first heap   total reserved 8388608K, committed 118784K, used 93857K [0x0000000600000000, 0x0000000800000000)
  region size 4096K, 14 young (57344K), 2 survivors (8192K)
 Metaspace       used 54712K, committed 56576K, reserved 1114112K
  class space    used 8059K, committed 8960K, reserved 1048576K
}
Event: 14.031 GC heap after
{Heap after GC invocations=19 (full 0):
 garbage-first heap   total reserved 8388608K, committed 118784K, used 53399K [0x0000000600000000, 0x0000000800000000)
  region size 4096K, 2 young (8192K), 2 survivors (8192K)
 Metaspace       used 54712K, committed 56576K, reserved 1114112K
  class space    used 8059K, committed 8960K, reserved 1048576K
}
Event: 14.934 GC heap before
{Heap before GC invocations=19 (full 0):
 garbage-first heap   total reserved 8388608K, committed 118784K, used 102551K [0x0000000600000000, 0x0000000800000000)
  region size 4096K, 13 young (53248K), 2 survivors (8192K)
 Metaspace       used 59141K, committed 61120K, reserved 1114112K
  class space    used 8763K, committed 9728K, reserved 1048576K
}
Event: 14.951 GC heap after
{Heap after GC invocations=20 (full 0):
 garbage-first heap   total reserved 8388608K, committed 122880K, used 63739K [0x0000000600000000, 0x0000000800000000)
  region size 4096K, 2 young (8192K), 2 survivors (8192K)
 Metaspace       used 59141K, committed 61120K, reserved 1114112K
  class space    used 8763K, committed 9728K, reserved 1048576K
}
Event: 15.702 GC heap before
{Heap before GC invocations=20 (full 0):
 garbage-first heap   total reserved 8388608K, committed 122880K, used 104699K [0x0000000600000000, 0x0000000800000000)
  region size 4096K, 12 young (49152K), 2 survivors (8192K)
 Metaspace       used 63924K, committed 65984K, reserved 1114112K
  class space    used 9381K, committed 10368K, reserved 1048576K
}
Event: 15.709 GC heap after
{Heap after GC invocations=21 (full 0):
 garbage-first heap   total reserved 8388608K, committed 122880K, used 64435K [0x0000000600000000, 0x0000000800000000)
  region size 4096K, 1 young (4096K), 1 survivors (4096K)
 Metaspace       used 63924K, committed 65984K, reserved 1114112K
  class space    used 9381K, committed 10368K, reserved 1048576K
}
Event: 16.382 GC heap before
{Heap before GC invocations=22 (full 0):
 garbage-first heap   total reserved 8388608K, committed 122880K, used 105395K [0x0000000600000000, 0x0000000800000000)
  region size 4096K, 11 young (45056K), 1 survivors (4096K)
 Metaspace       used 66706K, committed 68800K, reserved 1114112K
  class space    used 9775K, committed 10752K, reserved 1048576K
}
Event: 16.386 GC heap after
{Heap after GC invocations=23 (full 0):
 garbage-first heap   total reserved 8388608K, committed 122880K, used 66066K [0x0000000600000000, 0x0000000800000000)
  region size 4096K, 1 young (4096K), 1 survivors (4096K)
 Metaspace       used 66706K, committed 68800K, reserved 1114112K
  class space    used 9775K, committed 10752K, reserved 1048576K
}
Event: 17.101 GC heap before
{Heap before GC invocations=23 (full 0):
 garbage-first heap   total reserved 8388608K, committed 122880K, used 111122K [0x0000000600000000, 0x0000000800000000)
  region size 4096K, 11 young (45056K), 1 survivors (4096K)
 Metaspace       used 69135K, committed 71232K, reserved 1114112K
  class space    used 10138K, committed 11136K, reserved 1048576K
}
Event: 17.109 GC heap after
{Heap after GC invocations=24 (full 0):
 garbage-first heap   total reserved 8388608K, committed 122880K, used 70054K [0x0000000600000000, 0x0000000800000000)
  region size 4096K, 2 young (8192K), 2 survivors (8192K)
 Metaspace       used 69135K, committed 71232K, reserved 1114112K
  class space    used 10138K, committed 11136K, reserved 1048576K
}
Event: 17.764 GC heap before
{Heap before GC invocations=24 (full 0):
 garbage-first heap   total reserved 8388608K, committed 122880K, used 98726K [0x0000000600000000, 0x0000000800000000)
  region size 4096K, 10 young (40960K), 2 survivors (8192K)
 Metaspace       used 70584K, committed 72640K, reserved 1114112K
  class space    used 10337K, committed 11328K, reserved 1048576K
}
Event: 17.773 GC heap after
{Heap after GC invocations=25 (full 0):
 garbage-first heap   total reserved 8388608K, committed 122880K, used 74667K [0x0000000600000000, 0x0000000800000000)
  region size 4096K, 2 young (8192K), 2 survivors (8192K)
 Metaspace       used 70584K, committed 72640K, reserved 1114112K
  class space    used 10337K, committed 11328K, reserved 1048576K
}
Event: 18.327 GC heap before
{Heap before GC invocations=26 (full 0):
 garbage-first heap   total reserved 8388608K, committed 131072K, used 95147K [0x0000000600000000, 0x0000000800000000)
  region size 4096K, 8 young (32768K), 2 survivors (8192K)
 Metaspace       used 72153K, committed 74304K, reserved 1114112K
  class space    used 10573K, committed 11584K, reserved 1048576K
}
Event: 18.337 GC heap after
{Heap after GC invocations=27 (full 0):
 garbage-first heap   total reserved 8388608K, committed 131072K, used 76429K [0x0000000600000000, 0x0000000800000000)
  region size 4096K, 1 young (4096K), 1 survivors (4096K)
 Metaspace       used 72153K, committed 74304K, reserved 1114112K
  class space    used 10573K, committed 11584K, reserved 1048576K
}
Event: 18.921 GC heap before
{Heap before GC invocations=27 (full 0):
 garbage-first heap   total reserved 8388608K, committed 131072K, used 109197K [0x0000000600000000, 0x0000000800000000)
  region size 4096K, 9 young (36864K), 1 survivors (4096K)
 Metaspace       used 73541K, committed 75712K, reserved 1114112K
  class space    used 10814K, committed 11840K, reserved 1048576K
}
Event: 18.930 GC heap after
{Heap after GC invocations=28 (full 0):
 garbage-first heap   total reserved 8388608K, committed 159744K, used 77584K [0x0000000600000000, 0x0000000800000000)
  region size 4096K, 2 young (8192K), 2 survivors (8192K)
 Metaspace       used 73541K, committed 75712K, reserved 1114112K
  class space    used 10814K, committed 11840K, reserved 1048576K
}

